<?xml version='1.0' encoding='UTF-8'?>
<testsuite hostname="ariane-Latitude-E7450" name="PuzzleSpec" tests="4" errors="0" failures="0" skipped="0" time="0.038" timestamp="2023-11-22T21:00:04">
          <properties>
[...]
</properties>
          <testcase classname="PuzzleSpec" name="Search should return the correct result for no-cheat Code linear search" time="0.027">
                      
                    </testcase><testcase classname="PuzzleSpec" name="Search should return the correct result for no-cheat Code binary search" time="0.011">
                      
                    </testcase><testcase classname="PuzzleSpec" name="Search should return the correct result for optimized linear search" time="0.0">
                      
                    </testcase><testcase classname="PuzzleSpec" name="Search should return the correct result for optimized binary search" time="0.0">
                      
                    </testcase>
          <system-out><![CDATA[]]></system-out>
          <system-err><![CDATA[]]></system-err>
        </testsuite>